A D/adosfs////
A D/boot////
A D/cfs////
A D/codeset////
A D/filecorefs////
A D/isofs////
A D/kgdb////
A D/kpi////
A D/libkern////
A D/lkm////
A D/msdosfs////
A D/netccitt////
A D/netns////
A D/ntfs////
A D/pcfs////
A D/scsi////
A D/smbfs////
A D/vm////
R D/vm////
R D/smbfs////
R D/scsi////
R D/pcfs////
R D/ntfs////
R D/netns////
R D/netccitt////
R D/msdosfs////
R D/lkm////
R D/libkern////
R D/kpi////
R D/kgdb////
R D/isofs////
R D/filecorefs////
R D/contrib////
R D/codeset////
R D/cfs////
R D/boot////
R D/adosfs////
