? .git
? .gitignore
? status.log
? sync.sh
? up.log
P arch/alpha/eisa/eisa_machdep.h
P arch/alpha/isa/isa_machdep.h
P arch/alpha/pci/pci_1000.c
P arch/alpha/pci/pci_1000a.c
P arch/alpha/pci/pci_2100_a50.c
P arch/alpha/pci/pci_550.c
P arch/alpha/pci/pci_6600.c
P arch/alpha/pci/pci_axppci_33.c
P arch/alpha/pci/pci_eb164.c
P arch/alpha/pci/pci_eb64plus.c
P arch/alpha/pci/pci_kn20aa.c
P arch/alpha/pci/pci_kn300.c
P arch/alpha/pci/pci_machdep.h
P arch/alpha/pci/pci_up1000.c
P arch/alpha/pci/sio_pic.c
P arch/alpha/pci/siovar.h
P arch/alpha/stand/installboot.c
P arch/amd64/amd64/intr.c
P arch/amd64/amd64/wscons_machdep.c
P arch/amd64/conf/GENERIC
P arch/amd64/include/intr.h
P arch/amd64/include/pci_machdep.h
P arch/amd64/pci/pci_machdep.c
P arch/arm/armv7/avic_intr.h
P arch/arm/include/pci_machdep.h
P arch/arm/sa11x0/sa11x0_var.h
P arch/arm/xscale/i80321_intr.c
P arch/arm/xscale/i80321var.h
P arch/arm/xscale/pxa2x0_gpio.c
P arch/arm/xscale/pxa2x0_gpio.h
P arch/arm/xscale/pxa2x0_intr.c
P arch/armish/dev/iq80321_pci.c
P arch/armish/include/armish_intr.h
P arch/hp300/dev/hd.c
P arch/hppa/dev/apic.c
P arch/hppa/dev/dino.c
P arch/hppa/dev/elroyvar.h
P arch/hppa/include/pci_machdep.h
P arch/hppa64/dev/apic.c
P arch/hppa64/dev/elroyvar.h
P arch/hppa64/include/pci_machdep.h
P arch/i386/i386/ioapic.c
P arch/i386/i386/wscons_machdep.c
P arch/i386/include/i82093var.h
P arch/i386/isa/isa_machdep.c
P arch/i386/isa/isa_machdep.h
P arch/i386/pci/pci_machdep.c
P arch/i386/pci/pci_machdep.h
M arch/m68k/include/pmap_motorola.h
M arch/m68k/include/vmparam.h
M arch/m68k/m68k/pmap_motorola.c
P arch/macppc/dev/macintr.c
P arch/macppc/dev/openpic.c
P arch/macppc/include/autoconf.h
P arch/macppc/macppc/machdep.c
P arch/macppc/pci/ht.c
P arch/macppc/pci/macobio.c
P arch/macppc/pci/mpcpcibus.c
P arch/mvmeppc/mvmeppc/machdep.c
P arch/mvmeppc/pci/mpcpcibr.c
P arch/powerpc/include/cpu.h
P arch/powerpc/include/intr.h
P arch/powerpc/pci/pci_machdep.h
P arch/powerpc/powerpc/mutex.S
P arch/sgi/include/intr.h
P arch/sgi/localbus/macebus.c
P arch/sgi/localbus/macebus.h
P arch/sgi/pci/macepcibridge.c
P arch/sgi/pci/pci_machdep.h
P arch/sgi/sgi/autoconf.c
P arch/sgi/xbow/xbridge.c
P arch/socppc/conf/files.socppc
P arch/socppc/dev/socpcic.c
U arch/socppc/dev/wdc_obio.c
U arch/socppc/include/fdt.h
U arch/socppc/socppc/fdt.c
P arch/sparc/dev/fd.c
P arch/sparc64/dev/pci_machdep.c
P arch/sparc64/include/pci_machdep.h
P conf/GENERIC
P conf/files
P dev/ccd.c
P dev/vnd.c
P dev/acpi/dsdt.h
P dev/ic/fxp.c
P dev/ic/pckbc.c
P dev/isa/fd.c
P dev/isa/mcd.c
P dev/isa/sch311x.c
P dev/microcode/Makefile
U dev/microcode/udl/Makefile
U dev/microcode/udl/build.c
U dev/microcode/udl/udl_huffman.h
P dev/pci/if_em.c
P dev/pci/if_em_hw.c
P dev/pci/if_em_hw.h
P dev/pckbc/pckbd.c
P dev/raidframe/rf_openbsdkintf.c
P dev/usb/udl.c
P dev/usb/udl.h
P dev/usb/umsm.c
P dev/usb/usbdevs
P dev/usb/usbdevs.h
P dev/usb/usbdevs_data.h
P kern/kern_malloc.c
P kern/tty_conf.c
P kern/vfs_cache.c
cvs server: net/if_strip.c is no longer in the repository
cvs server: net/if_stripvar.h is no longer in the repository
P net/pf_if.c
P netinet/ip_input.c
P nfs/nfs.h
P nfs/nfs_socket.c
P nfs/nfs_subs.c
P nfs/nfs_vfsops.c
P nfs/nfsmount.h
P sys/malloc.h
P ufs/ext2fs/ext2fs_balloc.c
P ufs/ext2fs/ext2fs_subr.c
P uvm/uvm_map.c
